Arguments: 
  /Users/brojasbaez/.nvm/versions/node/v11.15.0/bin/node /opt/homebrew/Cellar/yarn/1.22.19/libexec/bin/yarn.js

PATH: 
  /Users/brojasbaez/.nvm/versions/node/v11.15.0/bin:/Users/brojasbaez/.pyenv/shims:/opt/homebrew/bin:/opt/homebrew/sbin:/usr/local/bin:/usr/bin:/bin:/usr/sbin:/sbin:/Library/Apple/usr/bin:/Users/brojasbaez/Library/Application Support/cloud-code/installer/google-cloud-sdk/bin:/opt/homebrew/bin:/opt/homebrew/sbin

Yarn version: 
  1.22.19

Node version: 
  11.15.0

Platform: 
  darwin arm64

Trace: 
  Error: https://registry.npmjs.intuit.com/express: Request "https://registry.npmjs.intuit.com/express" returned a 403
      at Request.params.callback [as _callback] (/opt/homebrew/Cellar/yarn/1.22.19/libexec/lib/cli.js:66154:18)
      at Request.self.callback (/opt/homebrew/Cellar/yarn/1.22.19/libexec/lib/cli.js:140890:22)
      at Request.emit (events.js:193:13)
      at Request.<anonymous> (/opt/homebrew/Cellar/yarn/1.22.19/libexec/lib/cli.js:141862:10)
      at Request.emit (events.js:193:13)
      at IncomingMessage.<anonymous> (/opt/homebrew/Cellar/yarn/1.22.19/libexec/lib/cli.js:141784:12)
      at Object.onceWrapper (events.js:281:20)
      at IncomingMessage.emit (events.js:198:15)
      at endReadableNT (_stream_readable.js:1139:12)
      at processTicksAndRejections (internal/process/task_queues.js:81:17)

npm manifest: 
  {
    "name": "portfolio",
    "version": "1.0.0",
    "description": "",
    "main": "app.js",
    "scripts": {
      "start": "node app.js",
      "test": "echo \"Error: no test specified\" && exit 1"
    },
    "author": "Barbara Rojas-Baez",
    "license": "ISC",
    "dependencies": {
      "express": "^4.18.1",
      "firebase": "^8.10.1",
      "pug": "^3.0.2"
    },
    "homepage" : "https://Babs1995.github.io/portfolio"
  
  }

yarn manifest: 
  No manifest

Lockfile: 
  No lockfile
